<?xml version="1.0" encoding="UTF-8"?>
<testng-results skipped="0" failed="0" ignored="0" total="2" passed="2">
  <reporter-output>
  </reporter-output>
  <suite name="Suite" duration-ms="5542" started-at="2022-11-25T17:14:31Z" finished-at="2022-11-25T17:14:36Z">
    <groups>
    </groups>
    <test name="Test" duration-ms="5542" started-at="2022-11-25T17:14:31Z" finished-at="2022-11-25T17:14:36Z">
      <class name="rest.ReqRes">
        <test-method status="PASS" signature="verifyEmailAddress()[pri:0, instance:rest.ReqRes@2145433b]" name="verifyEmailAddress" duration-ms="4594" started-at="2022-11-25T17:14:31Z" finished-at="2022-11-25T17:14:35Z">
          <reporter-output>
          </reporter-output>
        </test-method> <!-- verifyEmailAddress -->
        <test-method status="PASS" signature="verifyStatusCode()[pri:0, instance:rest.ReqRes@2145433b]" name="verifyStatusCode" duration-ms="822" started-at="2022-11-25T17:14:35Z" finished-at="2022-11-25T17:14:36Z">
          <reporter-output>
          </reporter-output>
        </test-method> <!-- verifyStatusCode -->
      </class> <!-- rest.ReqRes -->
    </test> <!-- Test -->
  </suite> <!-- Suite -->
</testng-results>
